<?xml version="1.0" encoding="UTF-8"?>
<coverage generated="1764108148284" clover="3.2.0">
  <project timestamp="1764108148284" name="All files">
    <metrics statements="99" coveredstatements="87" conditionals="34" coveredconditionals="30" methods="14" coveredmethods="13" elements="147" coveredelements="130" complexity="0" loc="99" ncloc="99" packages="4" files="4" classes="4"/>
    <package name="backend">
      <metrics statements="36" coveredstatements="30" conditionals="10" coveredconditionals="8" methods="8" coveredmethods="7"/>
      <file name="server.js" path="C:\Users\alexa\Documents\ProyectoEdutch\ProyectoEdutch\backend\server.js">
        <metrics statements="36" coveredstatements="30" conditionals="10" coveredconditionals="8" methods="8" coveredmethods="7"/>
        <line num="12" count="11" type="stmt"/>
        <line num="17" count="11" type="cond" truecount="2" falsecount="0"/>
        <line num="19" count="11" type="stmt"/>
        <line num="20" count="11" type="stmt"/>
        <line num="22" count="11" type="stmt"/>
        <line num="23" count="11" type="stmt"/>
        <line num="31" count="11" type="stmt"/>
        <line num="37" count="11" type="stmt"/>
        <line num="40" count="18" type="cond" truecount="4" falsecount="0"/>
        <line num="41" count="16" type="stmt"/>
        <line num="43" count="2" type="stmt"/>
        <line num="50" count="11" type="stmt"/>
        <line num="51" count="11" type="stmt"/>
        <line num="56" count="11" type="stmt"/>
        <line num="57" count="11" type="stmt"/>
        <line num="62" count="11" type="stmt"/>
        <line num="67" count="11" type="stmt"/>
        <line num="81" count="11" type="stmt"/>
        <line num="82" count="121" type="stmt"/>
        <line num="83" count="4" type="stmt"/>
        <line num="84" count="4" type="stmt"/>
        <line num="85" count="4" type="cond" truecount="1" falsecount="1"/>
        <line num="86" count="0" type="stmt"/>
        <line num="87" count="0" type="stmt"/>
        <line num="94" count="11" type="stmt"/>
        <line num="95" count="5" type="stmt"/>
        <line num="101" count="11" type="stmt"/>
        <line num="102" count="1" type="stmt"/>
        <line num="103" count="1" type="stmt"/>
        <line num="104" count="2" type="stmt"/>
        <line num="108" count="1" type="stmt"/>
        <line num="110" count="0" type="stmt"/>
        <line num="111" count="0" type="stmt"/>
        <line num="118" count="11" type="cond" truecount="1" falsecount="1"/>
        <line num="119" count="0" type="stmt"/>
        <line num="120" count="0" type="stmt"/>
      </file>
    </package>
    <package name="backend.config">
      <metrics statements="8" coveredstatements="8" conditionals="0" coveredconditionals="0" methods="0" coveredmethods="0"/>
      <file name="firebaseAdmin.js" path="C:\Users\alexa\Documents\ProyectoEdutch\ProyectoEdutch\backend\config\firebaseAdmin.js">
        <metrics statements="8" coveredstatements="8" conditionals="0" coveredconditionals="0" methods="0" coveredmethods="0"/>
        <line num="7" count="7" type="stmt"/>
        <line num="8" count="7" type="stmt"/>
        <line num="11" count="7" type="stmt"/>
        <line num="14" count="7" type="stmt"/>
        <line num="17" count="7" type="stmt"/>
        <line num="22" count="7" type="stmt"/>
        <line num="23" count="7" type="stmt"/>
        <line num="25" count="7" type="stmt"/>
      </file>
    </package>
    <package name="backend.controllers">
      <metrics statements="17" coveredstatements="15" conditionals="10" coveredconditionals="8" methods="1" coveredmethods="1"/>
      <file name="ia.controller.js" path="C:\Users\alexa\Documents\ProyectoEdutch\ProyectoEdutch\backend\controllers\ia.controller.js">
        <metrics statements="17" coveredstatements="15" conditionals="10" coveredconditionals="8" methods="1" coveredmethods="1"/>
        <line num="2" count="4" type="stmt"/>
        <line num="4" count="4" type="stmt"/>
        <line num="7" count="4" type="stmt"/>
        <line num="8" count="5" type="stmt"/>
        <line num="9" count="5" type="stmt"/>
        <line num="11" count="5" type="cond" truecount="6" falsecount="0"/>
        <line num="12" count="3" type="stmt"/>
        <line num="16" count="2" type="stmt"/>
        <line num="28" count="2" type="stmt"/>
        <line num="39" count="1" type="stmt"/>
        <line num="41" count="1" type="cond" truecount="1" falsecount="1"/>
        <line num="42" count="0" type="stmt"/>
        <line num="43" count="0" type="stmt"/>
        <line num="46" count="1" type="cond" truecount="1" falsecount="1"/>
        <line num="47" count="1" type="stmt"/>
        <line num="50" count="1" type="stmt"/>
        <line num="51" count="1" type="stmt"/>
      </file>
    </package>
    <package name="backend.routes">
      <metrics statements="38" coveredstatements="34" conditionals="14" coveredconditionals="14" methods="5" coveredmethods="5"/>
      <file name="ia.routes.js" path="C:\Users\alexa\Documents\ProyectoEdutch\ProyectoEdutch\backend\routes\ia.routes.js">
        <metrics statements="38" coveredstatements="34" conditionals="14" coveredconditionals="14" methods="5" coveredmethods="5"/>
        <line num="9" count="11" type="stmt"/>
        <line num="10" count="11" type="stmt"/>
        <line num="15" count="11" type="stmt"/>
        <line num="16" count="11" type="stmt"/>
        <line num="17" count="11" type="stmt"/>
        <line num="18" count="11" type="stmt"/>
        <line num="23" count="0" type="stmt"/>
        <line num="24" count="0" type="stmt"/>
        <line num="32" count="11" type="stmt"/>
        <line num="37" count="11" type="stmt"/>
        <line num="38" count="5" type="stmt"/>
        <line num="39" count="5" type="stmt"/>
        <line num="41" count="5" type="cond" truecount="8" falsecount="0"/>
        <line num="42" count="1" type="stmt"/>
        <line num="45" count="4" type="stmt"/>
        <line num="48" count="4" type="stmt"/>
        <line num="52" count="4" type="cond" truecount="2" falsecount="0"/>
        <line num="53" count="1" type="stmt"/>
        <line num="56" count="3" type="stmt"/>
        <line num="57" count="3" type="stmt"/>
        <line num="59" count="3" type="stmt"/>
        <line num="71" count="3" type="stmt"/>
        <line num="100" count="3" type="cond" truecount="4" falsecount="0"/>
        <line num="101" count="1" type="stmt"/>
        <line num="104" count="2" type="stmt"/>
        <line num="105" count="2" type="stmt"/>
        <line num="106" count="2" type="stmt"/>
        <line num="108" count="2" type="stmt"/>
        <line num="111" count="2" type="stmt"/>
        <line num="112" count="2" type="stmt"/>
        <line num="114" count="1" type="stmt"/>
        <line num="115" count="1" type="stmt"/>
        <line num="121" count="1" type="stmt"/>
        <line num="133" count="1" type="stmt"/>
        <line num="136" count="0" type="stmt"/>
        <line num="137" count="0" type="stmt"/>
        <line num="145" count="11" type="stmt"/>
        <line num="146" count="3" type="stmt"/>
      </file>
    </package>
  </project>
</coverage>
