{"C:\\Users\\alexa\\Documents\\ProyectoEdutch\\ProyectoEdutch\\backend\\server.js": {"path":"C:\\Users\\alexa\\Documents\\ProyectoEdutch\\ProyectoEdutch\\backend\\server.js","statementMap":{"0":{"start":{"line":12,"column":0},"end":{"line":12,"column":16}},"1":{"start":{"line":17,"column":13},"end":{"line":17,"column":37}},"2":{"start":{"line":19,"column":19},"end":{"line":19,"column":49}},"3":{"start":{"line":20,"column":18},"end":{"line":20,"column":42}},"4":{"start":{"line":22,"column":12},"end":{"line":22,"column":21}},"5":{"start":{"line":23,"column":0},"end":{"line":23,"column":28}},"6":{"start":{"line":31,"column":23},"end":{"line":35,"column":1}},"7":{"start":{"line":37,"column":0},"end":{"line":48,"column":2}},"8":{"start":{"line":40,"column":6},"end":{"line":44,"column":7}},"9":{"start":{"line":41,"column":8},"end":{"line":41,"column":29}},"10":{"start":{"line":43,"column":8},"end":{"line":43,"column":51}},"11":{"start":{"line":50,"column":0},"end":{"line":50,"column":24}},"12":{"start":{"line":51,"column":0},"end":{"line":51,"column":48}},"13":{"start":{"line":56,"column":0},"end":{"line":56,"column":62}},"14":{"start":{"line":57,"column":0},"end":{"line":57,"column":82}},"15":{"start":{"line":62,"column":0},"end":{"line":62,"column":29}},"16":{"start":{"line":67,"column":14},"end":{"line":79,"column":1}},"17":{"start":{"line":81,"column":0},"end":{"line":91,"column":3}},"18":{"start":{"line":82,"column":2},"end":{"line":90,"column":5}},"19":{"start":{"line":83,"column":21},"end":{"line":83,"column":70}},"20":{"start":{"line":84,"column":4},"end":{"line":89,"column":7}},"21":{"start":{"line":85,"column":6},"end":{"line":88,"column":7}},"22":{"start":{"line":86,"column":8},"end":{"line":86,"column":62}},"23":{"start":{"line":87,"column":8},"end":{"line":87,"column":53}},"24":{"start":{"line":94,"column":0},"end":{"line":96,"column":3}},"25":{"start":{"line":95,"column":2},"end":{"line":95,"column":74}},"26":{"start":{"line":101,"column":0},"end":{"line":113,"column":3}},"27":{"start":{"line":102,"column":2},"end":{"line":112,"column":3}},"28":{"start":{"line":103,"column":21},"end":{"line":103,"column":58}},"29":{"start":{"line":104,"column":21},"end":{"line":107,"column":7}},"30":{"start":{"line":104,"column":47},"end":{"line":107,"column":5}},"31":{"start":{"line":108,"column":4},"end":{"line":108,"column":23}},"32":{"start":{"line":110,"column":4},"end":{"line":110,"column":57}},"33":{"start":{"line":111,"column":4},"end":{"line":111,"column":82}},"34":{"start":{"line":118,"column":0},"end":{"line":122,"column":1}},"35":{"start":{"line":119,"column":2},"end":{"line":121,"column":5}},"36":{"start":{"line":120,"column":4},"end":{"line":120,"column":68}}},"fnMap":{"0":{"name":"(anonymous_0)","decl":{"start":{"line":39,"column":12},"end":{"line":39,"column":13}},"loc":{"start":{"line":39,"column":34},"end":{"line":45,"column":5}},"line":39},"1":{"name":"(anonymous_1)","decl":{"start":{"line":81,"column":14},"end":{"line":81,"column":15}},"loc":{"start":{"line":81,"column":22},"end":{"line":91,"column":1}},"line":81},"2":{"name":"(anonymous_2)","decl":{"start":{"line":82,"column":22},"end":{"line":82,"column":23}},"loc":{"start":{"line":82,"column":36},"end":{"line":90,"column":3}},"line":82},"3":{"name":"(anonymous_3)","decl":{"start":{"line":84,"column":27},"end":{"line":84,"column":28}},"loc":{"start":{"line":84,"column":36},"end":{"line":89,"column":5}},"line":84},"4":{"name":"(anonymous_4)","decl":{"start":{"line":94,"column":13},"end":{"line":94,"column":14}},"loc":{"start":{"line":94,"column":27},"end":{"line":96,"column":1}},"line":94},"5":{"name":"(anonymous_5)","decl":{"start":{"line":101,"column":25},"end":{"line":101,"column":26}},"loc":{"start":{"line":101,"column":45},"end":{"line":113,"column":1}},"line":101},"6":{"name":"(anonymous_6)","decl":{"start":{"line":104,"column":39},"end":{"line":104,"column":40}},"loc":{"start":{"line":104,"column":47},"end":{"line":107,"column":5}},"line":104},"7":{"name":"(anonymous_7)","decl":{"start":{"line":119,"column":19},"end":{"line":119,"column":20}},"loc":{"start":{"line":119,"column":25},"end":{"line":121,"column":3}},"line":119}},"branchMap":{"0":{"loc":{"start":{"line":17,"column":13},"end":{"line":17,"column":37}},"type":"binary-expr","locations":[{"start":{"line":17,"column":13},"end":{"line":17,"column":29}},{"start":{"line":17,"column":33},"end":{"line":17,"column":37}}],"line":17},"1":{"loc":{"start":{"line":40,"column":6},"end":{"line":44,"column":7}},"type":"if","locations":[{"start":{"line":40,"column":6},"end":{"line":44,"column":7}},{"start":{"line":42,"column":13},"end":{"line":44,"column":7}}],"line":40},"2":{"loc":{"start":{"line":40,"column":10},"end":{"line":40,"column":52}},"type":"binary-expr","locations":[{"start":{"line":40,"column":10},"end":{"line":40,"column":17}},{"start":{"line":40,"column":21},"end":{"line":40,"column":52}}],"line":40},"3":{"loc":{"start":{"line":85,"column":6},"end":{"line":88,"column":7}},"type":"if","locations":[{"start":{"line":85,"column":6},"end":{"line":88,"column":7}},{"start":{},"end":{}}],"line":85},"4":{"loc":{"start":{"line":118,"column":0},"end":{"line":122,"column":1}},"type":"if","locations":[{"start":{"line":118,"column":0},"end":{"line":122,"column":1}},{"start":{},"end":{}}],"line":118}},"s":{"0":11,"1":11,"2":11,"3":11,"4":11,"5":11,"6":11,"7":11,"8":18,"9":16,"10":2,"11":11,"12":11,"13":11,"14":11,"15":11,"16":11,"17":11,"18":121,"19":4,"20":4,"21":4,"22":0,"23":0,"24":11,"25":5,"26":11,"27":1,"28":1,"29":1,"30":2,"31":1,"32":0,"33":0,"34":11,"35":0,"36":0},"f":{"0":18,"1":121,"2":4,"3":4,"4":5,"5":1,"6":2,"7":0},"b":{"0":[11,11],"1":[16,2],"2":[18,2],"3":[0,4],"4":[0,11]},"inputSourceMap":null,"_coverageSchema":"1a1c01bbd47fc00a2c39e90264f33305004495a9","hash":"0f3d6c7a7a3c928755c3ca21e50b942a643fb394"}
,"C:\\Users\\alexa\\Documents\\ProyectoEdutch\\ProyectoEdutch\\backend\\config\\firebaseAdmin.js": {"path":"C:\\Users\\alexa\\Documents\\ProyectoEdutch\\ProyectoEdutch\\backend\\config\\firebaseAdmin.js","statementMap":{"0":{"start":{"line":7,"column":19},"end":{"line":7,"column":49}},"1":{"start":{"line":8,"column":18},"end":{"line":8,"column":42}},"2":{"start":{"line":11,"column":27},"end":{"line":11,"column":76}},"3":{"start":{"line":14,"column":23},"end":{"line":14,"column":78}},"4":{"start":{"line":17,"column":0},"end":{"line":19,"column":3}},"5":{"start":{"line":22,"column":18},"end":{"line":22,"column":35}},"6":{"start":{"line":23,"column":20},"end":{"line":23,"column":32}},"7":{"start":{"line":25,"column":0},"end":{"line":25,"column":59}}},"fnMap":{},"branchMap":{},"s":{"0":7,"1":7,"2":7,"3":7,"4":7,"5":7,"6":7,"7":7},"f":{},"b":{},"inputSourceMap":null,"_coverageSchema":"1a1c01bbd47fc00a2c39e90264f33305004495a9","hash":"2e3f0e5d95442bc0c708e8f52130e832d7c834f2"}
,"C:\\Users\\alexa\\Documents\\ProyectoEdutch\\ProyectoEdutch\\backend\\controllers\\ia.controller.js": {"path":"C:\\Users\\alexa\\Documents\\ProyectoEdutch\\ProyectoEdutch\\backend\\controllers\\ia.controller.js","statementMap":{"0":{"start":{"line":2,"column":0},"end":{"line":2,"column":16}},"1":{"start":{"line":4,"column":16},"end":{"line":4,"column":42}},"2":{"start":{"line":7,"column":35},"end":{"line":53,"column":1}},"3":{"start":{"line":8,"column":2},"end":{"line":52,"column":3}},"4":{"start":{"line":9,"column":43},"end":{"line":9,"column":51}},"5":{"start":{"line":11,"column":4},"end":{"line":13,"column":5}},"6":{"start":{"line":12,"column":6},"end":{"line":12,"column":76}},"7":{"start":{"line":16,"column":19},"end":{"line":26,"column":5}},"8":{"start":{"line":28,"column":21},"end":{"line":37,"column":5}},"9":{"start":{"line":39,"column":17},"end":{"line":39,"column":38}},"10":{"start":{"line":41,"column":4},"end":{"line":44,"column":5}},"11":{"start":{"line":42,"column":6},"end":{"line":42,"column":67}},"12":{"start":{"line":43,"column":6},"end":{"line":43,"column":65}},"13":{"start":{"line":46,"column":18},"end":{"line":46,"column":94}},"14":{"start":{"line":47,"column":4},"end":{"line":47,"column":35}},"15":{"start":{"line":50,"column":4},"end":{"line":50,"column":60}},"16":{"start":{"line":51,"column":4},"end":{"line":51,"column":66}}},"fnMap":{"0":{"name":"(anonymous_0)","decl":{"start":{"line":7,"column":35},"end":{"line":7,"column":36}},"loc":{"start":{"line":7,"column":55},"end":{"line":53,"column":1}},"line":7}},"branchMap":{"0":{"loc":{"start":{"line":11,"column":4},"end":{"line":13,"column":5}},"type":"if","locations":[{"start":{"line":11,"column":4},"end":{"line":13,"column":5}},{"start":{},"end":{}}],"line":11},"1":{"loc":{"start":{"line":11,"column":8},"end":{"line":11,"column":44}},"type":"binary-expr","locations":[{"start":{"line":11,"column":8},"end":{"line":11,"column":12}},{"start":{"line":11,"column":16},"end":{"line":11,"column":22}},{"start":{"line":11,"column":26},"end":{"line":11,"column":32}},{"start":{"line":11,"column":36},"end":{"line":11,"column":44}}],"line":11},"2":{"loc":{"start":{"line":41,"column":4},"end":{"line":44,"column":5}},"type":"if","locations":[{"start":{"line":41,"column":4},"end":{"line":44,"column":5}},{"start":{},"end":{}}],"line":41},"3":{"loc":{"start":{"line":46,"column":18},"end":{"line":46,"column":94}},"type":"binary-expr","locations":[{"start":{"line":46,"column":18},"end":{"line":46,"column":65}},{"start":{"line":46,"column":69},"end":{"line":46,"column":94}}],"line":46}},"s":{"0":4,"1":4,"2":4,"3":5,"4":5,"5":5,"6":3,"7":2,"8":2,"9":1,"10":1,"11":0,"12":0,"13":1,"14":1,"15":1,"16":1},"f":{"0":5},"b":{"0":[3,2],"1":[5,3,2,2],"2":[0,1],"3":[1,0]},"inputSourceMap":null,"_coverageSchema":"1a1c01bbd47fc00a2c39e90264f33305004495a9","hash":"dcdfb6341281017648352e6dea13adc04a532637"}
,"C:\\Users\\alexa\\Documents\\ProyectoEdutch\\ProyectoEdutch\\backend\\routes\\ia.routes.js": {"path":"C:\\Users\\alexa\\Documents\\ProyectoEdutch\\ProyectoEdutch\\backend\\routes\\ia.routes.js","statementMap":{"0":{"start":{"line":9,"column":0},"end":{"line":9,"column":16}},"1":{"start":{"line":10,"column":15},"end":{"line":10,"column":31}},"2":{"start":{"line":15,"column":26},"end":{"line":26,"column":1}},"3":{"start":{"line":16,"column":2},"end":{"line":25,"column":3}},"4":{"start":{"line":17,"column":18},"end":{"line":17,"column":68}},"5":{"start":{"line":18,"column":4},"end":{"line":21,"column":7}},"6":{"start":{"line":23,"column":4},"end":{"line":23,"column":53}},"7":{"start":{"line":24,"column":4},"end":{"line":24,"column":16}},"8":{"start":{"line":32,"column":19},"end":{"line":32,"column":31}},"9":{"start":{"line":37,"column":0},"end":{"line":140,"column":3}},"10":{"start":{"line":38,"column":2},"end":{"line":138,"column":3}},"11":{"start":{"line":39,"column":72},"end":{"line":39,"column":80}},"12":{"start":{"line":41,"column":4},"end":{"line":43,"column":5}},"13":{"start":{"line":42,"column":6},"end":{"line":42,"column":74}},"14":{"start":{"line":45,"column":4},"end":{"line":45,"column":49}},"15":{"start":{"line":48,"column":24},"end":{"line":50,"column":12}},"16":{"start":{"line":52,"column":4},"end":{"line":54,"column":5}},"17":{"start":{"line":53,"column":6},"end":{"line":53,"column":76}},"18":{"start":{"line":56,"column":20},"end":{"line":56,"column":59}},"19":{"start":{"line":56,"column":48},"end":{"line":56,"column":58}},"20":{"start":{"line":57,"column":4},"end":{"line":57,"column":60}},"21":{"start":{"line":59,"column":21},"end":{"line":69,"column":7}},"22":{"start":{"line":59,"column":39},"end":{"line":69,"column":5}},"23":{"start":{"line":71,"column":19},"end":{"line":95,"column":1}},"24":{"start":{"line":100,"column":4},"end":{"line":102,"column":5}},"25":{"start":{"line":101,"column":6},"end":{"line":101,"column":79}},"26":{"start":{"line":104,"column":4},"end":{"line":104,"column":50}},"27":{"start":{"line":105,"column":19},"end":{"line":105,"column":54}},"28":{"start":{"line":106,"column":17},"end":{"line":106,"column":46}},"29":{"start":{"line":108,"column":4},"end":{"line":108,"column":54}},"30":{"start":{"line":111,"column":4},"end":{"line":119,"column":5}},"31":{"start":{"line":112,"column":6},"end":{"line":112,"column":31}},"32":{"start":{"line":114,"column":6},"end":{"line":114,"column":60}},"33":{"start":{"line":115,"column":6},"end":{"line":118,"column":9}},"34":{"start":{"line":121,"column":32},"end":{"line":131,"column":7}},"35":{"start":{"line":133,"column":4},"end":{"line":133,"column":61}},"36":{"start":{"line":136,"column":4},"end":{"line":136,"column":46}},"37":{"start":{"line":137,"column":4},"end":{"line":137,"column":62}},"38":{"start":{"line":145,"column":30},"end":{"line":147,"column":1}},"39":{"start":{"line":146,"column":2},"end":{"line":146,"column":19}}},"fnMap":{"0":{"name":"(anonymous_0)","decl":{"start":{"line":15,"column":26},"end":{"line":15,"column":27}},"loc":{"start":{"line":15,"column":32},"end":{"line":26,"column":1}},"line":15},"1":{"name":"(anonymous_1)","decl":{"start":{"line":37,"column":31},"end":{"line":37,"column":32}},"loc":{"start":{"line":37,"column":51},"end":{"line":140,"column":1}},"line":37},"2":{"name":"(anonymous_2)","decl":{"start":{"line":56,"column":41},"end":{"line":56,"column":42}},"loc":{"start":{"line":56,"column":48},"end":{"line":56,"column":58}},"line":56},"3":{"name":"(anonymous_3)","decl":{"start":{"line":59,"column":33},"end":{"line":59,"column":34}},"loc":{"start":{"line":59,"column":39},"end":{"line":69,"column":5}},"line":59},"4":{"name":"(anonymous_4)","decl":{"start":{"line":145,"column":30},"end":{"line":145,"column":31}},"loc":{"start":{"line":145,"column":44},"end":{"line":147,"column":1}},"line":145}},"branchMap":{"0":{"loc":{"start":{"line":41,"column":4},"end":{"line":43,"column":5}},"type":"if","locations":[{"start":{"line":41,"column":4},"end":{"line":43,"column":5}},{"start":{},"end":{}}],"line":41},"1":{"loc":{"start":{"line":41,"column":8},"end":{"line":41,"column":79}},"type":"binary-expr","locations":[{"start":{"line":41,"column":8},"end":{"line":41,"column":14}},{"start":{"line":41,"column":18},"end":{"line":41,"column":24}},{"start":{"line":41,"column":28},"end":{"line":41,"column":33}},{"start":{"line":41,"column":37},"end":{"line":41,"column":45}},{"start":{"line":41,"column":49},"end":{"line":41,"column":59}},{"start":{"line":41,"column":63},"end":{"line":41,"column":79}}],"line":41},"2":{"loc":{"start":{"line":52,"column":4},"end":{"line":54,"column":5}},"type":"if","locations":[{"start":{"line":52,"column":4},"end":{"line":54,"column":5}},{"start":{},"end":{}}],"line":52},"3":{"loc":{"start":{"line":100,"column":4},"end":{"line":102,"column":5}},"type":"if","locations":[{"start":{"line":100,"column":4},"end":{"line":102,"column":5}},{"start":{},"end":{}}],"line":100},"4":{"loc":{"start":{"line":100,"column":8},"end":{"line":100,"column":61}},"type":"binary-expr","locations":[{"start":{"line":100,"column":8},"end":{"line":100,"column":14}},{"start":{"line":100,"column":18},"end":{"line":100,"column":61}}],"line":100}},"s":{"0":11,"1":11,"2":11,"3":11,"4":11,"5":11,"6":0,"7":0,"8":11,"9":11,"10":5,"11":5,"12":5,"13":1,"14":4,"15":4,"16":4,"17":1,"18":3,"19":3,"20":3,"21":3,"22":3,"23":3,"24":3,"25":1,"26":2,"27":2,"28":2,"29":2,"30":2,"31":2,"32":1,"33":1,"34":1,"35":1,"36":0,"37":0,"38":11,"39":3},"f":{"0":11,"1":5,"2":3,"3":3,"4":3},"b":{"0":[1,4],"1":[5,4,4,4,4,4],"2":[1,3],"3":[1,2],"4":[3,2]},"inputSourceMap":null,"_coverageSchema":"1a1c01bbd47fc00a2c39e90264f33305004495a9","hash":"dc8dfc7a65cfc7ad714f13385079a52facf42fb1"}
}
