TN:
SF:server.js
FN:39,(anonymous_0)
FN:81,(anonymous_1)
FN:82,(anonymous_2)
FN:84,(anonymous_3)
FN:94,(anonymous_4)
FN:101,(anonymous_5)
FN:104,(anonymous_6)
FN:119,(anonymous_7)
FNF:8
FNH:7
FNDA:18,(anonymous_0)
FNDA:121,(anonymous_1)
FNDA:4,(anonymous_2)
FNDA:4,(anonymous_3)
FNDA:5,(anonymous_4)
FNDA:1,(anonymous_5)
FNDA:2,(anonymous_6)
FNDA:0,(anonymous_7)
DA:12,11
DA:17,11
DA:19,11
DA:20,11
DA:22,11
DA:23,11
DA:31,11
DA:37,11
DA:40,18
DA:41,16
DA:43,2
DA:50,11
DA:51,11
DA:56,11
DA:57,11
DA:62,11
DA:67,11
DA:81,11
DA:82,121
DA:83,4
DA:84,4
DA:85,4
DA:86,0
DA:87,0
DA:94,11
DA:95,5
DA:101,11
DA:102,1
DA:103,1
DA:104,2
DA:108,1
DA:110,0
DA:111,0
DA:118,11
DA:119,0
DA:120,0
LF:36
LH:30
BRDA:17,0,0,11
BRDA:17,0,1,11
BRDA:40,1,0,16
BRDA:40,1,1,2
BRDA:40,2,0,18
BRDA:40,2,1,2
BRDA:85,3,0,0
BRDA:85,3,1,4
BRDA:118,4,0,0
BRDA:118,4,1,11
BRF:10
BRH:8
end_of_record
TN:
SF:config\firebaseAdmin.js
FNF:0
FNH:0
DA:7,7
DA:8,7
DA:11,7
DA:14,7
DA:17,7
DA:22,7
DA:23,7
DA:25,7
LF:8
LH:8
BRF:0
BRH:0
end_of_record
TN:
SF:controllers\ia.controller.js
FN:7,(anonymous_0)
FNF:1
FNH:1
FNDA:5,(anonymous_0)
DA:2,4
DA:4,4
DA:7,4
DA:8,5
DA:9,5
DA:11,5
DA:12,3
DA:16,2
DA:28,2
DA:39,1
DA:41,1
DA:42,0
DA:43,0
DA:46,1
DA:47,1
DA:50,1
DA:51,1
LF:17
LH:15
BRDA:11,0,0,3
BRDA:11,0,1,2
BRDA:11,1,0,5
BRDA:11,1,1,3
BRDA:11,1,2,2
BRDA:11,1,3,2
BRDA:41,2,0,0
BRDA:41,2,1,1
BRDA:46,3,0,1
BRDA:46,3,1,0
BRF:10
BRH:8
end_of_record
TN:
SF:routes\ia.routes.js
FN:15,(anonymous_0)
FN:37,(anonymous_1)
FN:56,(anonymous_2)
FN:59,(anonymous_3)
FN:145,(anonymous_4)
FNF:5
FNH:5
FNDA:11,(anonymous_0)
FNDA:5,(anonymous_1)
FNDA:3,(anonymous_2)
FNDA:3,(anonymous_3)
FNDA:3,(anonymous_4)
DA:9,11
DA:10,11
DA:15,11
DA:16,11
DA:17,11
DA:18,11
DA:23,0
DA:24,0
DA:32,11
DA:37,11
DA:38,5
DA:39,5
DA:41,5
DA:42,1
DA:45,4
DA:48,4
DA:52,4
DA:53,1
DA:56,3
DA:57,3
DA:59,3
DA:71,3
DA:100,3
DA:101,1
DA:104,2
DA:105,2
DA:106,2
DA:108,2
DA:111,2
DA:112,2
DA:114,1
DA:115,1
DA:121,1
DA:133,1
DA:136,0
DA:137,0
DA:145,11
DA:146,3
LF:38
LH:34
BRDA:41,0,0,1
BRDA:41,0,1,4
BRDA:41,1,0,5
BRDA:41,1,1,4
BRDA:41,1,2,4
BRDA:41,1,3,4
BRDA:41,1,4,4
BRDA:41,1,5,4
BRDA:52,2,0,1
BRDA:52,2,1,3
BRDA:100,3,0,1
BRDA:100,3,1,2
BRDA:100,4,0,3
BRDA:100,4,1,2
BRF:14
BRH:14
end_of_record
